{"level":"error","service":"user-service"}
{"message":"Error crawling student profile for Maberyn Alcantara-Cruz: Error: ENOENT: no such file or directory, open 'C:\\Users\\acama\\Development\\imagine-math-scraper\\crawled-certificate\\5-Alcantara-Cruz-Maberyn-most-recent-certificate.png'","level":"error","service":"user-service"}
{"message":"{\"first\":\"Maberyn\",\"last\":\"Alcantara-Cruz\",\"grade\":5,\"period\":3,\"studentProgressLink\":\"https://math.imaginelearning.com/student_progress/student/22212416\",\"fullName\":\"Maberyn Alcantara-Cruz\",\"mostRecentCertificateUrl\":\"https://math.imaginelearning.com/teacher_certificate/335261364?student_id=22212416\",\"studentAvatarSVGUrl\":\"\",\"dateCrawled\":\"Wed Feb 12 2020 17:00:11 GMT-0600 (Central Standard Time)\"}","level":"info","service":"user-service"}
{"message":"Error crawling student profile for Andres Alvarado: Error: ENOENT: no such file or directory, open 'C:\\Users\\acama\\Development\\imagine-math-scraper\\crawled-certificate\\5-Alvarado-Andres-most-recent-certificate.png'","level":"error","service":"user-service"}
{"message":"{\"first\":\"Andres\",\"last\":\"Alvarado\",\"grade\":5,\"period\":5,\"studentProgressLink\":\"https://math.imaginelearning.com/student_progress/student/22212356\",\"fullName\":\"Andres Alvarado\",\"mostRecentCertificateUrl\":\"https://math.imaginelearning.com/teacher_certificate/334440658?student_id=22212356\",\"studentAvatarSVGUrl\":\"\",\"dateCrawled\":\"Wed Feb 12 2020 17:00:26 GMT-0600 (Central Standard Time)\"}","level":"info","service":"user-service"}
{"message":"{\"first\":\"Maberyn\",\"last\":\"Alcantara-Cruz\",\"grade\":5,\"period\":3,\"studentProgressLink\":\"https://math.imaginelearning.com/student_progress/student/22212416\",\"fullName\":\"Maberyn Alcantara-Cruz\",\"mostRecentCertificateUrl\":\"https://math.imaginelearning.com/teacher_certificate/335261364?student_id=22212416\",\"studentAvatarSVGUrl\":\"https://math.imaginelearning.com/student_avatars/0779e0a9a64417fc655506d7fec27e0e.svg\",\"dateCrawled\":\"Wed Feb 12 2020 17:01:29 GMT-0600 (Central Standard Time)\"}","level":"info","service":"user-service"}
{"message":"SVG successfully saved for Maberyn Alcantara-Cruz (index: 1)","level":"info","service":"user-service"}
{"message":"{\"first\":\"Andres\",\"last\":\"Alvarado\",\"grade\":5,\"period\":5,\"studentProgressLink\":\"https://math.imaginelearning.com/student_progress/student/22212356\",\"fullName\":\"Andres Alvarado\",\"mostRecentCertificateUrl\":\"https://math.imaginelearning.com/teacher_certificate/334440658?student_id=22212356\",\"studentAvatarSVGUrl\":\"https://math.imaginelearning.com/student_avatars/23d869731c4142c9c74f3dd3ec7f7122.svg\",\"dateCrawled\":\"Wed Feb 12 2020 17:01:44 GMT-0600 (Central Standard Time)\"}","level":"info","service":"user-service"}
{"message":"SVG successfully saved for Andres Alvarado (index: 2)","level":"info","service":"user-service"}
{"message":"{\"first\":\"Camila\",\"last\":\"Alvarado\",\"grade\":5,\"period\":5,\"studentProgressLink\":\"https://math.imaginelearning.com/student_progress/student/22212337\",\"fullName\":\"Camila Alvarado\",\"mostRecentCertificateUrl\":\"https://math.imaginelearning.com/teacher_certificate/334930041?student_id=22212337\",\"studentAvatarSVGUrl\":\"https://math.imaginelearning.com/student_avatars/7d15621e96be5b16971244e67c812aea.svg\",\"dateCrawled\":\"Wed Feb 12 2020 17:02:02 GMT-0600 (Central Standard Time)\"}","level":"info","service":"user-service"}
{"message":"SVG successfully saved for Camila Alvarado (index: 3)","level":"info","service":"user-service"}
{"message":"{\"first\":\"Caroline\",\"last\":\"Alvarez\",\"grade\":5,\"period\":2,\"studentProgressLink\":\"https://math.imaginelearning.com/student_progress/student/22212813\",\"fullName\":\"Caroline Alvarez\",\"mostRecentCertificateUrl\":\"https://math.imaginelearning.com/teacher_certificate/330482558?student_id=22212813\",\"studentAvatarSVGUrl\":\"https://math.imaginelearning.com/student_avatars/e4f374ef0938191ad0f1bbb2783dbe29.svg\",\"dateCrawled\":\"Wed Feb 12 2020 17:02:17 GMT-0600 (Central Standard Time)\"}","level":"info","service":"user-service"}
{"message":"SVG successfully saved for Caroline Alvarez (index: 5)","level":"info","service":"user-service"}
{"message":"{\"first\":\"Ruby\",\"last\":\"Apodaca\",\"grade\":5,\"period\":3,\"studentProgressLink\":\"https://math.imaginelearning.com/student_progress/student/22212635\",\"fullName\":\"Ruby Apodaca\",\"mostRecentCertificateUrl\":\"https://math.imaginelearning.com/teacher_certificate/330860239?student_id=22212635\",\"studentAvatarSVGUrl\":\"https://math.imaginelearning.com/student_avatars/9c159d1f8f6614bf0f06ff2f9d509def.svg\",\"dateCrawled\":\"Wed Feb 12 2020 17:02:30 GMT-0600 (Central Standard Time)\"}","level":"info","service":"user-service"}
{"message":"SVG successfully saved for Ruby Apodaca (index: 6)","level":"info","service":"user-service"}
{"message":"{\"first\":\"Tairy\",\"last\":\"Araniba\",\"grade\":5,\"period\":7,\"studentProgressLink\":\"https://math.imaginelearning.com/student_progress/student/22212829\",\"fullName\":\"Tairy Araniba\",\"mostRecentCertificateUrl\":\"https://math.imaginelearning.com/teacher_certificate/333027979?student_id=22212829\",\"studentAvatarSVGUrl\":\"https://math.imaginelearning.com/student_avatars/bbb86aaa110e2675efdf7fd84981e0f1.svg\",\"dateCrawled\":\"Wed Feb 12 2020 17:02:45 GMT-0600 (Central Standard Time)\"}","level":"info","service":"user-service"}
{"message":"SVG successfully saved for Tairy Araniba (index: 7)","level":"info","service":"user-service"}
{"message":"{\"first\":\"Ilene\",\"last\":\"Argueta\",\"grade\":5,\"period\":3,\"studentProgressLink\":\"https://math.imaginelearning.com/student_progress/student/22216424\",\"fullName\":\"Ilene Argueta\",\"mostRecentCertificateUrl\":\"https://math.imaginelearning.com/teacher_certificate/334406500?student_id=22216424\",\"studentAvatarSVGUrl\":\"https://math.imaginelearning.com/student_avatars/d1355247a3a2a9940de76ddc0979f4d2.svg\",\"dateCrawled\":\"Wed Feb 12 2020 17:03:01 GMT-0600 (Central Standard Time)\"}","level":"info","service":"user-service"}
{"message":"SVG successfully saved for Ilene Argueta (index: 8)","level":"info","service":"user-service"}
{"message":"Error crawling student profile for Nassiah Armstrong: TimeoutError: waiting for selector \".lessonActivity--certificate > a\" failed: timeout 20000ms exceeded","level":"error","service":"user-service"}
{"message":"{\"first\":\"Nassiah\",\"last\":\"Armstrong\",\"grade\":5,\"period\":5,\"studentProgressLink\":\"https://math.imaginelearning.com/student_progress/student/22213437\",\"fullName\":\"\",\"mostRecentCertificateUrl\":\"\",\"studentAvatarSVGUrl\":\"\",\"dateCrawled\":\"Wed Feb 12 2020 17:03:33 GMT-0600 (Central Standard Time)\"}","level":"info","service":"user-service"}
{"message":"Successfully completed crawl.","level":"info","service":"user-service"}
{"message":"Ana,Miguel,7,7,https://math.imaginelearning.com/student_progress/student/22211023,Ana Miguel,https://math.imaginelearning.com/teacher_certificate/328797328?student_id=22211023,https://math.imaginelearning.com/student_avatars/3950b98c37365624bfb5a2ccef786f30.svg,Wed Feb 12 2020 17:07:46 GMT-0600 (Central Standard Time)","level":"info","service":"user-service"}
{"message":"SVG successfully saved for Ana Miguel (index: 299)","level":"info","service":"user-service"}
{"message":"Anthony,Olvera,7,7,https://math.imaginelearning.com/student_progress/student/22210687,Anthony Olvera,https://math.imaginelearning.com/teacher_certificate/334927847?student_id=22210687,https://math.imaginelearning.com/student_avatars/69146ed1a29c72aa0ccb59ac9a7a13a3.svg,Wed Feb 12 2020 17:08:01 GMT-0600 (Central Standard Time)","level":"info","service":"user-service"}
{"message":"SVG successfully saved for Anthony Olvera (index: 301)","level":"info","service":"user-service"}
{"message":"Osman,Padilla,7,7,https://math.imaginelearning.com/student_progress/student/22210906,Osman Padilla,https://math.imaginelearning.com/teacher_certificate/324397263?student_id=22210906,https://math.imaginelearning.com/student_avatars/c7c3dbd557eefcb07c75f6dacfff9a74.svg,Wed Feb 12 2020 17:08:16 GMT-0600 (Central Standard Time)","level":"info","service":"user-service"}
{"message":"SVG successfully saved for Osman Padilla (index: 302)","level":"info","service":"user-service"}
{"message":"Sayuris,Padilla,7,7,https://math.imaginelearning.com/student_progress/student/22210970,Sayuris Padilla,https://math.imaginelearning.com/teacher_certificate/334470988?student_id=22210970,https://math.imaginelearning.com/student_avatars/c87f11171a1f484ddf0cbc07d6344f2f.svg,Wed Feb 12 2020 17:08:31 GMT-0600 (Central Standard Time)","level":"info","service":"user-service"}
{"message":"SVG successfully saved for Sayuris Padilla (index: 303)","level":"info","service":"user-service"}
{"message":"Successfully completed crawl.","level":"info","service":"user-service"}
